{
  "stats": {
    "suites": 1,
    "tests": 1,
    "passes": 0,
    "pending": 0,
    "failures": 1,
    "start": "2026-01-20T17:38:26.804Z",
    "end": "2026-01-20T17:38:31.019Z",
    "duration": 4215,
    "testsRegistered": 1,
    "passPercent": 0,
    "pendingPercent": 0,
    "other": 0,
    "hasOther": false,
    "skipped": 0,
    "hasSkipped": false
  },
  "results": [
    {
      "uuid": "ab5ae24d-032b-4b73-9839-d648afeb3306",
      "title": "",
      "fullFile": "cypress\\e2e\\api-profile.cy.js",
      "file": "cypress\\e2e\\api-profile.cy.js",
      "beforeHooks": [],
      "afterHooks": [],
      "tests": [],
      "suites": [
        {
          "uuid": "11a0f5e9-e0ba-4cfe-ad22-e1d3ea9ad8b7",
          "title": "Testing profiles calls and loads",
          "fullFile": "",
          "file": "",
          "beforeHooks": [],
          "afterHooks": [],
          "tests": [
            {
              "title": "Must have user name in response",
              "fullTitle": "Testing profiles calls and loads Must have user name in response",
              "timedOut": null,
              "duration": 4163,
              "state": "failed",
              "speed": null,
              "pass": false,
              "fail": true,
              "pending": false,
              "context": null,
              "code": "cy.request({\n  method: 'POST',\n  url: 'https://adopet-api-i8qu.onrender.com/adotante/perfil/a9c101ea-c0f4-41df-9350-485607a55399',\n  headers: {\n    authorization\n  }\n}).then(res => {\n  expect(res.nome).is.not.empty;\n});",
              "err": {
                "message": "AssertionError: Timed out retrying after 4000ms: Expected to find element: `[data-test=\"input-loginEmail\"]`, but never found it.\n\nBecause this error occurred during a `before each` hook we are skipping the remaining tests in the current suite: `Testing profiles calls and ...`",
                "estack": "AssertionError: Timed out retrying after 4000ms: Expected to find element: `[data-test=\"input-loginEmail\"]`, but never found it.\n\nBecause this error occurred during a `before each` hook we are skipping the remaining tests in the current suite: `Testing profiles calls and ...`\n    at Context.eval (webpack://curso-cypress-alura/./cypress/support/commands.js:10:7)",
                "diff": null
              },
              "uuid": "50119747-2135-4493-a9e1-71148a52e1e2",
              "parentUUID": "11a0f5e9-e0ba-4cfe-ad22-e1d3ea9ad8b7",
              "isHook": false,
              "skipped": false
            }
          ],
          "suites": [],
          "passes": [],
          "failures": [
            "50119747-2135-4493-a9e1-71148a52e1e2"
          ],
          "pending": [],
          "skipped": [],
          "duration": 4163,
          "root": false,
          "rootEmpty": false,
          "_timeout": 2000
        }
      ],
      "passes": [],
      "failures": [],
      "pending": [],
      "skipped": [],
      "duration": 0,
      "root": true,
      "rootEmpty": true,
      "_timeout": 2000
    }
  ],
  "meta": {
    "mocha": {
      "version": "7.0.1"
    },
    "mochawesome": {
      "options": {
        "quiet": false,
        "reportFilename": "mochawesome",
        "saveHtml": true,
        "saveJson": true,
        "consoleReporter": "spec",
        "useInlineDiffs": false,
        "code": true
      },
      "version": "7.1.4"
    },
    "marge": {
      "options": {
        "reportDir": "cypress/results",
        "overwrite": false,
        "html": true,
        "json": true,
        "timestamp": "mmddyyyy_HHMMss"
      },
      "version": "6.3.2"
    }
  }
}