{
  "stats": {
    "suites": 1,
    "tests": 2,
    "passes": 2,
    "pending": 0,
    "failures": 0,
    "start": "2026-01-20T15:39:17.619Z",
    "end": "2026-01-20T15:39:23.693Z",
    "duration": 6074,
    "testsRegistered": 2,
    "passPercent": 100,
    "pendingPercent": 0,
    "other": 0,
    "hasOther": false,
    "skipped": 0,
    "hasSkipped": false
  },
  "results": [
    {
      "uuid": "10b4c2bb-0e4f-4e15-8cdc-d0b62abd8701",
      "title": "",
      "fullFile": "cypress\\e2e\\login-failure.cy.js",
      "file": "cypress\\e2e\\login-failure.cy.js",
      "beforeHooks": [],
      "afterHooks": [],
      "tests": [],
      "suites": [
        {
          "uuid": "08e29400-55ea-45f8-9643-6ecf12dae9dd",
          "title": "Login function",
          "fullFile": "",
          "file": "",
          "beforeHooks": [],
          "afterHooks": [],
          "tests": [
            {
              "title": "Should display two errors",
              "fullTitle": "Login function Should display two errors",
              "timedOut": null,
              "duration": 1794,
              "state": "passed",
              "speed": "fast",
              "pass": true,
              "fail": false,
              "pending": false,
              "context": null,
              "code": "// cy.get('[data-test=\"input-loginEmail\"]').type('gustavo2@exemplo.com');\n// cy.get('[data-test=\"input-loginPassword\"]').type('@Gustavo123');\ncy.get('[data-test=\"submit-button\"]').click();\ncy.contains('É necessário informar um endereço de email').should('be.visible');\ncy.contains('Insira sua senha').should('be.visible');",
              "err": {},
              "uuid": "ed7f095b-9017-4f4a-89fc-492c9bd74c10",
              "parentUUID": "08e29400-55ea-45f8-9643-6ecf12dae9dd",
              "isHook": false,
              "skipped": false
            },
            {
              "title": "Should display format error in each field",
              "fullTitle": "Login function Should display format error in each field",
              "timedOut": null,
              "duration": 1919,
              "state": "passed",
              "speed": "fast",
              "pass": true,
              "fail": false,
              "pending": false,
              "context": null,
              "code": "cy.get('[data-test=\"input-loginEmail\"]').type('email');\ncy.get('[data-test=\"input-loginPassword\"]').type('senha');\ncy.get('[data-test=\"submit-button\"]').click();\ncy.contains('Por favor, verifique o email digitado').should('be.visible');\ncy.contains('A senha deve conter pelo menos uma letra maiúscula, um número e ter entre 6 e 15 caracteres').should('be.visible');",
              "err": {},
              "uuid": "a18441a6-464f-42c5-9685-09b553937d20",
              "parentUUID": "08e29400-55ea-45f8-9643-6ecf12dae9dd",
              "isHook": false,
              "skipped": false
            }
          ],
          "suites": [],
          "passes": [
            "ed7f095b-9017-4f4a-89fc-492c9bd74c10",
            "a18441a6-464f-42c5-9685-09b553937d20"
          ],
          "failures": [],
          "pending": [],
          "skipped": [],
          "duration": 3713,
          "root": false,
          "rootEmpty": false,
          "_timeout": 2000
        }
      ],
      "passes": [],
      "failures": [],
      "pending": [],
      "skipped": [],
      "duration": 0,
      "root": true,
      "rootEmpty": true,
      "_timeout": 2000
    }
  ],
  "meta": {
    "mocha": {
      "version": "7.0.1"
    },
    "mochawesome": {
      "options": {
        "quiet": false,
        "reportFilename": "mochawesome",
        "saveHtml": true,
        "saveJson": true,
        "consoleReporter": "spec",
        "useInlineDiffs": false,
        "code": true
      },
      "version": "7.1.4"
    },
    "marge": {
      "options": {
        "reportDir": "cypress/results",
        "overwrite": false,
        "html": true,
        "json": true,
        "timestamp": "mmddyyyy_HHMMss"
      },
      "version": "6.3.2"
    }
  }
}