{
  "stats": {
    "suites": 1,
    "tests": 2,
    "passes": 2,
    "pending": 0,
    "failures": 0,
    "start": "2026-01-20T15:45:01.166Z",
    "end": "2026-01-20T15:45:06.631Z",
    "duration": 5465,
    "testsRegistered": 2,
    "passPercent": 100,
    "pendingPercent": 0,
    "other": 0,
    "hasOther": false,
    "skipped": 0,
    "hasSkipped": false
  },
  "results": [
    {
      "uuid": "0ddfc351-025f-42f5-98c7-c761c547f846",
      "title": "",
      "fullFile": "cypress\\e2e\\login-failure.cy.js",
      "file": "cypress\\e2e\\login-failure.cy.js",
      "beforeHooks": [],
      "afterHooks": [],
      "tests": [],
      "suites": [
        {
          "uuid": "766acf12-a726-4800-b545-cb7c284bddb6",
          "title": "Login function",
          "fullFile": "",
          "file": "",
          "beforeHooks": [],
          "afterHooks": [],
          "tests": [
            {
              "title": "Should display two errors",
              "fullTitle": "Login function Should display two errors",
              "timedOut": null,
              "duration": 1291,
              "state": "passed",
              "speed": "fast",
              "pass": true,
              "fail": false,
              "pending": false,
              "context": null,
              "code": "// cy.get('[data-test=\"input-loginEmail\"]').type('gustavo2@exemplo.com');\n// cy.get('[data-test=\"input-loginPassword\"]').type('@Gustavo123');\ncy.get('[data-test=\"submit-button\"]').click();\ncy.contains('É necessário informar um endereço de email').should('be.visible');\ncy.contains('Insira sua senha').should('be.visible');",
              "err": {},
              "uuid": "41512c9e-8b4b-4a14-b625-d6886c81b0c3",
              "parentUUID": "766acf12-a726-4800-b545-cb7c284bddb6",
              "isHook": false,
              "skipped": false
            },
            {
              "title": "Should display format error in each field",
              "fullTitle": "Login function Should display format error in each field",
              "timedOut": null,
              "duration": 1856,
              "state": "passed",
              "speed": "fast",
              "pass": true,
              "fail": false,
              "pending": false,
              "context": null,
              "code": "cy.get('[data-test=\"input-loginEmail\"]').type('email');\ncy.get('[data-test=\"input-loginPassword\"]').type('senha');\ncy.get('[data-test=\"submit-button\"]').click();\ncy.contains('Por favor, verifique o email digitado').should('be.visible');\ncy.contains('A senha deve conter pelo menos uma letra maiúscula, um número e ter entre 6 e 15 caracteres').should('be.visible');",
              "err": {},
              "uuid": "9b685ff6-45ea-47ed-a2c0-9162f5b7d6cf",
              "parentUUID": "766acf12-a726-4800-b545-cb7c284bddb6",
              "isHook": false,
              "skipped": false
            }
          ],
          "suites": [],
          "passes": [
            "41512c9e-8b4b-4a14-b625-d6886c81b0c3",
            "9b685ff6-45ea-47ed-a2c0-9162f5b7d6cf"
          ],
          "failures": [],
          "pending": [],
          "skipped": [],
          "duration": 3147,
          "root": false,
          "rootEmpty": false,
          "_timeout": 2000
        }
      ],
      "passes": [],
      "failures": [],
      "pending": [],
      "skipped": [],
      "duration": 0,
      "root": true,
      "rootEmpty": true,
      "_timeout": 2000
    }
  ],
  "meta": {
    "mocha": {
      "version": "7.0.1"
    },
    "mochawesome": {
      "options": {
        "quiet": false,
        "reportFilename": "mochawesome",
        "saveHtml": true,
        "saveJson": true,
        "consoleReporter": "spec",
        "useInlineDiffs": false,
        "code": true
      },
      "version": "7.1.4"
    },
    "marge": {
      "options": {
        "reportDir": "cypress/results",
        "overwrite": false,
        "html": true,
        "json": true,
        "timestamp": "mmddyyyy_HHMMss"
      },
      "version": "6.3.2"
    }
  }
}