{
  "stats": {
    "suites": 3,
    "tests": 3,
    "passes": 2,
    "pending": 1,
    "failures": 0,
    "start": "2026-01-20T15:50:38.036Z",
    "end": "2026-01-20T15:50:46.099Z",
    "duration": 8063,
    "testsRegistered": 3,
    "passPercent": 100,
    "pendingPercent": 33.33333333333333,
    "other": 0,
    "hasOther": false,
    "skipped": 0,
    "hasSkipped": false
  },
  "results": [
    {
      "uuid": "ea73b13b-7694-46f3-8dcf-676ade799127",
      "title": "",
      "fullFile": "cypress\\e2e\\register-success.cy.js",
      "file": "cypress\\e2e\\register-success.cy.js",
      "beforeHooks": [],
      "afterHooks": [],
      "tests": [],
      "suites": [
        {
          "uuid": "1f5edbd4-e436-4613-a3a5-365908f36486",
          "title": "Register function",
          "fullFile": "",
          "file": "",
          "beforeHooks": [],
          "afterHooks": [],
          "tests": [
            {
              "title": "Should register a new account successfully",
              "fullTitle": "Register function Should register a new account successfully",
              "timedOut": null,
              "duration": 3397,
              "state": "passed",
              "speed": "fast",
              "pass": true,
              "fail": false,
              "pending": false,
              "context": null,
              "code": "cy.register('Gustavo', 'gustavo21@exemplo.com', '@Gustavo123');",
              "err": {},
              "uuid": "76765962-d19b-4472-b65f-83098a942ed1",
              "parentUUID": "1f5edbd4-e436-4613-a3a5-365908f36486",
              "isHook": false,
              "skipped": false
            }
          ],
          "suites": [],
          "passes": [
            "76765962-d19b-4472-b65f-83098a942ed1"
          ],
          "failures": [],
          "pending": [],
          "skipped": [],
          "duration": 3397,
          "root": false,
          "rootEmpty": false,
          "_timeout": 2000
        },
        {
          "uuid": "bcc4e9a4-c29c-4100-bc79-4743ddcef036",
          "title": "Adoption list function",
          "fullFile": "",
          "file": "",
          "beforeHooks": [],
          "afterHooks": [],
          "tests": [
            {
              "title": "Should list pets to adopt",
              "fullTitle": "Adoption list function Should list pets to adopt",
              "timedOut": null,
              "duration": 0,
              "state": "pending",
              "speed": null,
              "pass": false,
              "fail": false,
              "pending": true,
              "context": null,
              "code": "cy.visit('https://adopet-frontend-cypress.vercel.app/home');\ncy.contains('a', 'Falar com responsável').click();",
              "err": {},
              "uuid": "f373d3bf-586c-417c-8070-01fe85068522",
              "parentUUID": "bcc4e9a4-c29c-4100-bc79-4743ddcef036",
              "isHook": false,
              "skipped": false
            }
          ],
          "suites": [],
          "passes": [],
          "failures": [],
          "pending": [
            "f373d3bf-586c-417c-8070-01fe85068522"
          ],
          "skipped": [],
          "duration": 0,
          "root": false,
          "rootEmpty": false,
          "_timeout": 2000
        },
        {
          "uuid": "dae8f31b-32d5-4d89-944e-1246cdee8a58",
          "title": "Header buttons",
          "fullFile": "",
          "file": "",
          "beforeHooks": [],
          "afterHooks": [],
          "tests": [
            {
              "title": "Should take to home and take to message form",
              "fullTitle": "Header buttons Should take to home and take to message form",
              "timedOut": null,
              "duration": 2389,
              "state": "passed",
              "speed": "fast",
              "pass": true,
              "fail": false,
              "pending": false,
              "context": null,
              "code": "//Login\ncy.visit('https://adopet-frontend-cypress.vercel.app/');\ncy.contains('a', 'Fazer login').click();\ncy.get('input[name=email]').type('gustavo2@exemplo.com');\ncy.get('input[name=password]').type('@Gustavo123');\ncy.contains('button', 'Entrar').click();\n//Header buttons\ncy.get('.header__home').click();\ncy.get('.header__message').click();",
              "err": {},
              "uuid": "60abcdec-7ac2-4a62-86df-f1806f3d00c5",
              "parentUUID": "dae8f31b-32d5-4d89-944e-1246cdee8a58",
              "isHook": false,
              "skipped": false
            }
          ],
          "suites": [],
          "passes": [
            "60abcdec-7ac2-4a62-86df-f1806f3d00c5"
          ],
          "failures": [],
          "pending": [],
          "skipped": [],
          "duration": 2389,
          "root": false,
          "rootEmpty": false,
          "_timeout": 2000
        }
      ],
      "passes": [],
      "failures": [],
      "pending": [],
      "skipped": [],
      "duration": 0,
      "root": true,
      "rootEmpty": true,
      "_timeout": 2000
    }
  ],
  "meta": {
    "mocha": {
      "version": "7.0.1"
    },
    "mochawesome": {
      "options": {
        "quiet": false,
        "reportFilename": "mochawesome",
        "saveHtml": true,
        "saveJson": true,
        "consoleReporter": "spec",
        "useInlineDiffs": false,
        "code": true
      },
      "version": "7.1.4"
    },
    "marge": {
      "options": {
        "reportDir": "cypress/results",
        "overwrite": false,
        "html": true,
        "json": true,
        "timestamp": "mmddyyyy_HHMMss"
      },
      "version": "6.3.2"
    }
  }
}