{
  "stats": {
    "suites": 3,
    "tests": 3,
    "passes": 2,
    "pending": 1,
    "failures": 0,
    "start": "2026-01-20T15:39:51.701Z",
    "end": "2026-01-20T15:39:59.752Z",
    "duration": 8051,
    "testsRegistered": 3,
    "passPercent": 100,
    "pendingPercent": 33.33333333333333,
    "other": 0,
    "hasOther": false,
    "skipped": 0,
    "hasSkipped": false
  },
  "results": [
    {
      "uuid": "fed0c76b-5b06-48ff-8d2a-11fc9e50f8a8",
      "title": "",
      "fullFile": "cypress\\e2e\\register-success.cy.js",
      "file": "cypress\\e2e\\register-success.cy.js",
      "beforeHooks": [],
      "afterHooks": [],
      "tests": [],
      "suites": [
        {
          "uuid": "eb41d455-34ff-4df5-89f1-09cd0d0a3fd7",
          "title": "Register function",
          "fullFile": "",
          "file": "",
          "beforeHooks": [],
          "afterHooks": [],
          "tests": [
            {
              "title": "Should register a new account successfully",
              "fullTitle": "Register function Should register a new account successfully",
              "timedOut": null,
              "duration": 3330,
              "state": "passed",
              "speed": "fast",
              "pass": true,
              "fail": false,
              "pending": false,
              "context": null,
              "code": "cy.register('Gustavo', 'gustavo21@exemplo.com', '@Gustavo123');",
              "err": {},
              "uuid": "da42e95c-699f-489a-88fc-afbcad4255b1",
              "parentUUID": "eb41d455-34ff-4df5-89f1-09cd0d0a3fd7",
              "isHook": false,
              "skipped": false
            }
          ],
          "suites": [],
          "passes": [
            "da42e95c-699f-489a-88fc-afbcad4255b1"
          ],
          "failures": [],
          "pending": [],
          "skipped": [],
          "duration": 3330,
          "root": false,
          "rootEmpty": false,
          "_timeout": 2000
        },
        {
          "uuid": "bd8665bd-5f2c-4b9d-b7be-342d63437465",
          "title": "Adoption list function",
          "fullFile": "",
          "file": "",
          "beforeHooks": [],
          "afterHooks": [],
          "tests": [
            {
              "title": "Should list pets to adopt",
              "fullTitle": "Adoption list function Should list pets to adopt",
              "timedOut": null,
              "duration": 0,
              "state": "pending",
              "speed": null,
              "pass": false,
              "fail": false,
              "pending": true,
              "context": null,
              "code": "cy.visit('https://adopet-frontend-cypress.vercel.app/home');\ncy.contains('a', 'Falar com responsável').click();",
              "err": {},
              "uuid": "36a7a3a0-4b81-4674-965d-c37efed87b7c",
              "parentUUID": "bd8665bd-5f2c-4b9d-b7be-342d63437465",
              "isHook": false,
              "skipped": false
            }
          ],
          "suites": [],
          "passes": [],
          "failures": [],
          "pending": [
            "36a7a3a0-4b81-4674-965d-c37efed87b7c"
          ],
          "skipped": [],
          "duration": 0,
          "root": false,
          "rootEmpty": false,
          "_timeout": 2000
        },
        {
          "uuid": "4bad81df-a0c8-4aa6-b282-5884744f3d73",
          "title": "Header buttons",
          "fullFile": "",
          "file": "",
          "beforeHooks": [],
          "afterHooks": [],
          "tests": [
            {
              "title": "Should take to home and take to message form",
              "fullTitle": "Header buttons Should take to home and take to message form",
              "timedOut": null,
              "duration": 2476,
              "state": "passed",
              "speed": "fast",
              "pass": true,
              "fail": false,
              "pending": false,
              "context": null,
              "code": "//Login\ncy.visit('https://adopet-frontend-cypress.vercel.app/');\ncy.contains('a', 'Fazer login').click();\ncy.get('input[name=email]').type('gustavo2@exemplo.com');\ncy.get('input[name=password]').type('@Gustavo123');\ncy.contains('button', 'Entrar').click();\n//Header buttons\ncy.get('.header__home').click();\ncy.get('.header__message').click();",
              "err": {},
              "uuid": "4fc48a32-0eb5-477e-96b7-ed0af3f2a9cd",
              "parentUUID": "4bad81df-a0c8-4aa6-b282-5884744f3d73",
              "isHook": false,
              "skipped": false
            }
          ],
          "suites": [],
          "passes": [
            "4fc48a32-0eb5-477e-96b7-ed0af3f2a9cd"
          ],
          "failures": [],
          "pending": [],
          "skipped": [],
          "duration": 2476,
          "root": false,
          "rootEmpty": false,
          "_timeout": 2000
        }
      ],
      "passes": [],
      "failures": [],
      "pending": [],
      "skipped": [],
      "duration": 0,
      "root": true,
      "rootEmpty": true,
      "_timeout": 2000
    }
  ],
  "meta": {
    "mocha": {
      "version": "7.0.1"
    },
    "mochawesome": {
      "options": {
        "quiet": false,
        "reportFilename": "mochawesome",
        "saveHtml": true,
        "saveJson": true,
        "consoleReporter": "spec",
        "useInlineDiffs": false,
        "code": true
      },
      "version": "7.1.4"
    },
    "marge": {
      "options": {
        "reportDir": "cypress/results",
        "overwrite": false,
        "html": true,
        "json": true,
        "timestamp": "mmddyyyy_HHMMss"
      },
      "version": "6.3.2"
    }
  }
}