{
  "stats": {
    "suites": 1,
    "tests": 1,
    "passes": 0,
    "pending": 0,
    "failures": 1,
    "start": "2026-01-20T18:44:10.479Z",
    "end": "2026-01-20T18:44:18.634Z",
    "duration": 8155,
    "testsRegistered": 1,
    "passPercent": 0,
    "pendingPercent": 0,
    "other": 0,
    "hasOther": false,
    "skipped": 0,
    "hasSkipped": false
  },
  "results": [
    {
      "uuid": "bf3ca27d-dcad-4e7f-ab13-f9b7de7d667f",
      "title": "",
      "fullFile": "cypress\\e2e\\api-profile.cy.js",
      "file": "cypress\\e2e\\api-profile.cy.js",
      "beforeHooks": [],
      "afterHooks": [],
      "tests": [],
      "suites": [
        {
          "uuid": "06c5531b-f720-4ba6-8b06-109be8a87367",
          "title": "Testing profiles calls and loads",
          "fullFile": "",
          "file": "",
          "beforeHooks": [],
          "afterHooks": [],
          "tests": [
            {
              "title": "Must have user name in response",
              "fullTitle": "Testing profiles calls and loads Must have user name in response",
              "timedOut": null,
              "duration": 5684,
              "state": "failed",
              "speed": null,
              "pass": false,
              "fail": true,
              "pending": false,
              "context": null,
              "code": "cy.request({\n  method: 'GET',\n  url: 'https://adopet-api-i8qu.onrender.com/adotante/perfil/a9c101ea-c0f4-41df-9350-485607a55399',\n  headers: {\n    authorization\n  }\n}).then(res => {\n  expect(res.status).to.be.equal(200);\n  expect(res.nome).is.not.empty;\n  expect(res.body).to.have.property('perfil');\n  expect(res.body.perfil.name).to.be.equal('Gsutavo2');\n});",
              "err": {
                "message": "AssertionError: Timed out retrying after 4000ms: Expected to find element: `[data-test=\"input-loginEmail\"]`, but never found it.\n\nBecause this error occurred during a `before each` hook we are skipping the remaining tests in the current suite: `Testing profiles calls and ...`",
                "estack": "AssertionError: Timed out retrying after 4000ms: Expected to find element: `[data-test=\"input-loginEmail\"]`, but never found it.\n\nBecause this error occurred during a `before each` hook we are skipping the remaining tests in the current suite: `Testing profiles calls and ...`\n    at Context.eval (webpack://curso-cypress-alura/./cypress/support/commands.js:10:7)",
                "diff": null
              },
              "uuid": "b4eb99a6-f236-49ab-a1c6-eb5cb06d1a87",
              "parentUUID": "06c5531b-f720-4ba6-8b06-109be8a87367",
              "isHook": false,
              "skipped": false
            }
          ],
          "suites": [],
          "passes": [],
          "failures": [
            "b4eb99a6-f236-49ab-a1c6-eb5cb06d1a87"
          ],
          "pending": [],
          "skipped": [],
          "duration": 5684,
          "root": false,
          "rootEmpty": false,
          "_timeout": 2000
        }
      ],
      "passes": [],
      "failures": [],
      "pending": [],
      "skipped": [],
      "duration": 0,
      "root": true,
      "rootEmpty": true,
      "_timeout": 2000
    }
  ],
  "meta": {
    "mocha": {
      "version": "7.0.1"
    },
    "mochawesome": {
      "options": {
        "quiet": false,
        "reportFilename": "mochawesome",
        "saveHtml": true,
        "saveJson": true,
        "consoleReporter": "spec",
        "useInlineDiffs": false,
        "code": true
      },
      "version": "7.1.4"
    },
    "marge": {
      "options": {
        "reportDir": "cypress/results",
        "overwrite": false,
        "html": true,
        "json": true,
        "timestamp": "mmddyyyy_HHMMss"
      },
      "version": "6.3.2"
    }
  }
}