{
  "stats": {
    "suites": 1,
    "tests": 1,
    "passes": 1,
    "pending": 0,
    "failures": 0,
    "start": "2026-01-20T15:36:53.735Z",
    "end": "2026-01-20T15:36:58.601Z",
    "duration": 4866,
    "testsRegistered": 1,
    "passPercent": 100,
    "pendingPercent": 0,
    "other": 0,
    "hasOther": false,
    "skipped": 0,
    "hasSkipped": false
  },
  "results": [
    {
      "uuid": "64f0c6c6-a80b-4cca-861a-ce97e140bff5",
      "title": "",
      "fullFile": "cypress\\e2e\\login-success.cy.js",
      "file": "cypress\\e2e\\login-success.cy.js",
      "beforeHooks": [],
      "afterHooks": [],
      "tests": [],
      "suites": [
        {
          "uuid": "c31e599e-0ac6-4f2d-8b42-ddf7055c65d9",
          "title": "Login function",
          "fullFile": "",
          "file": "",
          "beforeHooks": [],
          "afterHooks": [],
          "tests": [
            {
              "title": "Should log in with the created account",
              "fullTitle": "Login function Should log in with the created account",
              "timedOut": null,
              "duration": 2749,
              "state": "passed",
              "speed": "fast",
              "pass": true,
              "fail": false,
              "pending": false,
              "context": null,
              "code": "cy.login('gustavo2@exemplo.com', '@Gustavo123');",
              "err": {},
              "uuid": "0ac0bea5-d779-4592-be60-5a9c3829a975",
              "parentUUID": "c31e599e-0ac6-4f2d-8b42-ddf7055c65d9",
              "isHook": false,
              "skipped": false
            }
          ],
          "suites": [],
          "passes": [
            "0ac0bea5-d779-4592-be60-5a9c3829a975"
          ],
          "failures": [],
          "pending": [],
          "skipped": [],
          "duration": 2749,
          "root": false,
          "rootEmpty": false,
          "_timeout": 2000
        }
      ],
      "passes": [],
      "failures": [],
      "pending": [],
      "skipped": [],
      "duration": 0,
      "root": true,
      "rootEmpty": true,
      "_timeout": 2000
    }
  ],
  "meta": {
    "mocha": {
      "version": "7.0.1"
    },
    "mochawesome": {
      "options": {
        "quiet": false,
        "reportFilename": "mochawesome",
        "saveHtml": true,
        "saveJson": true,
        "consoleReporter": "spec",
        "useInlineDiffs": false,
        "code": true
      },
      "version": "7.1.4"
    },
    "marge": {
      "options": {
        "reportDir": "cypress/results",
        "overwrite": false,
        "html": true,
        "json": true,
        "timestamp": "mmddyyyy_HHMMss"
      },
      "version": "6.3.2"
    }
  }
}