{
  "stats": {
    "suites": 1,
    "tests": 2,
    "passes": 2,
    "pending": 0,
    "failures": 0,
    "start": "2026-01-20T15:50:03.420Z",
    "end": "2026-01-20T15:50:09.723Z",
    "duration": 6303,
    "testsRegistered": 2,
    "passPercent": 100,
    "pendingPercent": 0,
    "other": 0,
    "hasOther": false,
    "skipped": 0,
    "hasSkipped": false
  },
  "results": [
    {
      "uuid": "447ceba8-5c5e-4320-8a82-05536fa4ef3a",
      "title": "",
      "fullFile": "cypress\\e2e\\login-failure.cy.js",
      "file": "cypress\\e2e\\login-failure.cy.js",
      "beforeHooks": [],
      "afterHooks": [],
      "tests": [],
      "suites": [
        {
          "uuid": "b3a9ca43-ddac-4605-9d75-9f6971d21829",
          "title": "Login function",
          "fullFile": "",
          "file": "",
          "beforeHooks": [],
          "afterHooks": [],
          "tests": [
            {
              "title": "Should display two errors",
              "fullTitle": "Login function Should display two errors",
              "timedOut": null,
              "duration": 1311,
              "state": "passed",
              "speed": "fast",
              "pass": true,
              "fail": false,
              "pending": false,
              "context": null,
              "code": "// cy.get('[data-test=\"input-loginEmail\"]').type('gustavo2@exemplo.com');\n// cy.get('[data-test=\"input-loginPassword\"]').type('@Gustavo123');\ncy.get('[data-test=\"submit-button\"]').click();\ncy.contains('É necessário informar um endereço de email').should('be.visible');\ncy.contains('Insira sua senha').should('be.visible');",
              "err": {},
              "uuid": "0723bf6d-8ddb-4a4a-b05a-0d28eae18ba2",
              "parentUUID": "b3a9ca43-ddac-4605-9d75-9f6971d21829",
              "isHook": false,
              "skipped": false
            },
            {
              "title": "Should display format error in each field",
              "fullTitle": "Login function Should display format error in each field",
              "timedOut": null,
              "duration": 2524,
              "state": "passed",
              "speed": "fast",
              "pass": true,
              "fail": false,
              "pending": false,
              "context": null,
              "code": "cy.get('[data-test=\"input-loginEmail\"]').type('email');\ncy.get('[data-test=\"input-loginPassword\"]').type('senha');\ncy.get('[data-test=\"submit-button\"]').click();\ncy.contains('Por favor, verifique o email digitado').should('be.visible');\ncy.contains('A senha deve conter pelo menos uma letra maiúscula, um número e ter entre 6 e 15 caracteres').should('be.visible');",
              "err": {},
              "uuid": "5cb9b1f8-90f7-4cb8-8d4f-8a153204c15b",
              "parentUUID": "b3a9ca43-ddac-4605-9d75-9f6971d21829",
              "isHook": false,
              "skipped": false
            }
          ],
          "suites": [],
          "passes": [
            "0723bf6d-8ddb-4a4a-b05a-0d28eae18ba2",
            "5cb9b1f8-90f7-4cb8-8d4f-8a153204c15b"
          ],
          "failures": [],
          "pending": [],
          "skipped": [],
          "duration": 3835,
          "root": false,
          "rootEmpty": false,
          "_timeout": 2000
        }
      ],
      "passes": [],
      "failures": [],
      "pending": [],
      "skipped": [],
      "duration": 0,
      "root": true,
      "rootEmpty": true,
      "_timeout": 2000
    }
  ],
  "meta": {
    "mocha": {
      "version": "7.0.1"
    },
    "mochawesome": {
      "options": {
        "quiet": false,
        "reportFilename": "mochawesome",
        "saveHtml": true,
        "saveJson": true,
        "consoleReporter": "spec",
        "useInlineDiffs": false,
        "code": true
      },
      "version": "7.1.4"
    },
    "marge": {
      "options": {
        "reportDir": "cypress/results",
        "overwrite": false,
        "html": true,
        "json": true,
        "timestamp": "mmddyyyy_HHMMss"
      },
      "version": "6.3.2"
    }
  }
}