{
  "stats": {
    "suites": 1,
    "tests": 1,
    "passes": 0,
    "pending": 0,
    "failures": 1,
    "start": "2026-01-20T17:41:17.007Z",
    "end": "2026-01-20T17:41:23.350Z",
    "duration": 6343,
    "testsRegistered": 1,
    "passPercent": 0,
    "pendingPercent": 0,
    "other": 0,
    "hasOther": false,
    "skipped": 0,
    "hasSkipped": false
  },
  "results": [
    {
      "uuid": "92e2e1e3-ac12-4c53-b541-33aaad0acbbe",
      "title": "",
      "fullFile": "cypress\\e2e\\api-profile.cy.js",
      "file": "cypress\\e2e\\api-profile.cy.js",
      "beforeHooks": [],
      "afterHooks": [],
      "tests": [],
      "suites": [
        {
          "uuid": "c64e951f-c163-4ab0-b1d4-0473f20fbcc6",
          "title": "Testing profiles calls and loads",
          "fullFile": "",
          "file": "",
          "beforeHooks": [],
          "afterHooks": [],
          "tests": [
            {
              "title": "Must have user name in response",
              "fullTitle": "Testing profiles calls and loads Must have user name in response",
              "timedOut": null,
              "duration": 3515,
              "state": "failed",
              "speed": null,
              "pass": false,
              "fail": true,
              "pending": false,
              "context": null,
              "code": "cy.request({\n  method: 'POST',\n  url: 'https://adopet-api-i8qu.onrender.com/adotante/perfil/a9c101ea-c0f4-41df-9350-485607a55399',\n  headers: {\n    authorization\n  }\n}).then(res => {\n  expect(res.nome).is.not.empty;\n});",
              "err": {
                "message": "CypressError: `cy.request()` failed on:\n\nhttps://adopet-api-i8qu.onrender.com/adotante/perfil/a9c101ea-c0f4-41df-9350-485607a55399\n\nThe response we received from your web server was:\n\n  > 404: Not Found\n\nThis was considered a failure because the status code was not `2xx` or `3xx`.\n\nIf you do not want status codes to cause failures pass the option: `failOnStatusCode: false`\n\n-----------------------------------------------------------\n\nThe request we sent was:\n\nMethod: POST\nURL: https://adopet-api-i8qu.onrender.com/adotante/perfil/a9c101ea-c0f4-41df-9350-485607a55399\nHeaders: {\n  \"Connection\": \"keep-alive\",\n  \"authorization\": \"Bearer eyJhbGciOiJIUzI1NiIsInR5cCI6IkpXVCJ9.eyJzdWIiOiJhOWMxMDFlYS1jMGY0LTQxZGYtOTM1MC00ODU2MDdhNTUzOTkiLCJhZG9wdGVyTmFtZSI6Ikd1c3Rhdm8yIiwiaWF0IjoxNzY4OTI1MDA5LCJleHAiOjE3NjkxODQyMDl9.zeLG5aOXFRYqKmeIh1XR007TfrcuA47HR_KUvNkIanY\",\n  \"user-agent\": \"Mozilla/5.0 (Windows NT 10.0; Win64; x64) AppleWebKit/537.36 (KHTML, like Gecko) Cypress/13.6.4 Chrome/114.0.5735.289 Electron/25.8.4 Safari/537.36\",\n  \"accept\": \"*/*\",\n  \"accept-encoding\": \"gzip, deflate\",\n  \"content-length\": 0\n}\n\n-----------------------------------------------------------\n\nThe response we got was:\n\nStatus: 404 - Not Found\nHeaders: {\n  \"date\": \"Tue, 20 Jan 2026 17:41:22 GMT\",\n  \"content-type\": \"application/json; charset=utf-8\",\n  \"transfer-encoding\": \"chunked\",\n  \"connection\": \"keep-alive\",\n  \"content-encoding\": \"gzip\",\n  \"access-control-allow-credentials\": \"true\",\n  \"access-control-expose-headers\": \"Authorization\",\n  \"etag\": \"W/\\\"74-oIJEDhQswZTWC6KXvhGyM6hWpVU\\\"\",\n  \"rndr-id\": \"853f97dc-5356-4d38\",\n  \"vary\": \"Origin, Accept-Encoding\",\n  \"x-powered-by\": \"Express\",\n  \"x-render-origin-server\": \"Render\",\n  \"cf-cache-status\": \"DYNAMIC\",\n  \"server\": \"cloudflare\",\n  \"cf-ray\": \"9c105cbf4a00a405-GRU\",\n  \"alt-svc\": \"h3=\\\":443\\\"; ma=86400\"\n}\nBody: {\n  \"statusCode\": 404,\n  \"message\": \"Cannot POST /adotante/perfil/a9c101ea-c0f4-41df-9350-485607a55399\",\n  \"error\": \"Not Found\"\n}\n\n\nhttps://on.cypress.io/request",
                "estack": "CypressError: `cy.request()` failed on:\n\nhttps://adopet-api-i8qu.onrender.com/adotante/perfil/a9c101ea-c0f4-41df-9350-485607a55399\n\nThe response we received from your web server was:\n\n  > 404: Not Found\n\nThis was considered a failure because the status code was not `2xx` or `3xx`.\n\nIf you do not want status codes to cause failures pass the option: `failOnStatusCode: false`\n\n-----------------------------------------------------------\n\nThe request we sent was:\n\nMethod: POST\nURL: https://adopet-api-i8qu.onrender.com/adotante/perfil/a9c101ea-c0f4-41df-9350-485607a55399\nHeaders: {\n  \"Connection\": \"keep-alive\",\n  \"authorization\": \"Bearer eyJhbGciOiJIUzI1NiIsInR5cCI6IkpXVCJ9.eyJzdWIiOiJhOWMxMDFlYS1jMGY0LTQxZGYtOTM1MC00ODU2MDdhNTUzOTkiLCJhZG9wdGVyTmFtZSI6Ikd1c3Rhdm8yIiwiaWF0IjoxNzY4OTI1MDA5LCJleHAiOjE3NjkxODQyMDl9.zeLG5aOXFRYqKmeIh1XR007TfrcuA47HR_KUvNkIanY\",\n  \"user-agent\": \"Mozilla/5.0 (Windows NT 10.0; Win64; x64) AppleWebKit/537.36 (KHTML, like Gecko) Cypress/13.6.4 Chrome/114.0.5735.289 Electron/25.8.4 Safari/537.36\",\n  \"accept\": \"*/*\",\n  \"accept-encoding\": \"gzip, deflate\",\n  \"content-length\": 0\n}\n\n-----------------------------------------------------------\n\nThe response we got was:\n\nStatus: 404 - Not Found\nHeaders: {\n  \"date\": \"Tue, 20 Jan 2026 17:41:22 GMT\",\n  \"content-type\": \"application/json; charset=utf-8\",\n  \"transfer-encoding\": \"chunked\",\n  \"connection\": \"keep-alive\",\n  \"content-encoding\": \"gzip\",\n  \"access-control-allow-credentials\": \"true\",\n  \"access-control-expose-headers\": \"Authorization\",\n  \"etag\": \"W/\\\"74-oIJEDhQswZTWC6KXvhGyM6hWpVU\\\"\",\n  \"rndr-id\": \"853f97dc-5356-4d38\",\n  \"vary\": \"Origin, Accept-Encoding\",\n  \"x-powered-by\": \"Express\",\n  \"x-render-origin-server\": \"Render\",\n  \"cf-cache-status\": \"DYNAMIC\",\n  \"server\": \"cloudflare\",\n  \"cf-ray\": \"9c105cbf4a00a405-GRU\",\n  \"alt-svc\": \"h3=\\\":443\\\"; ma=86400\"\n}\nBody: {\n  \"statusCode\": 404,\n  \"message\": \"Cannot POST /adotante/perfil/a9c101ea-c0f4-41df-9350-485607a55399\",\n  \"error\": \"Not Found\"\n}\n\n\nhttps://on.cypress.io/request\n    at <unknown> (https://adopet-frontend-cypress.vercel.app/__cypress/runner/cypress_runner.js:133028:72)\n    at tryCatcher (https://adopet-frontend-cypress.vercel.app/__cypress/runner/cypress_runner.js:1807:23)\n    at Promise._settlePromiseFromHandler (https://adopet-frontend-cypress.vercel.app/__cypress/runner/cypress_runner.js:1519:31)\n    at Promise._settlePromise (https://adopet-frontend-cypress.vercel.app/__cypress/runner/cypress_runner.js:1576:18)\n    at Promise._settlePromise0 (https://adopet-frontend-cypress.vercel.app/__cypress/runner/cypress_runner.js:1621:10)\n    at Promise._settlePromises (https://adopet-frontend-cypress.vercel.app/__cypress/runner/cypress_runner.js:1701:18)\n    at _drainQueueStep (https://adopet-frontend-cypress.vercel.app/__cypress/runner/cypress_runner.js:2407:12)\n    at _drainQueue (https://adopet-frontend-cypress.vercel.app/__cypress/runner/cypress_runner.js:2400:9)\n    at Async._drainQueues (https://adopet-frontend-cypress.vercel.app/__cypress/runner/cypress_runner.js:2416:5)\n    at Async.drainQueues (https://adopet-frontend-cypress.vercel.app/__cypress/runner/cypress_runner.js:2286:14)\nFrom Your Spec Code:\n    at Context.eval (webpack://curso-cypress-alura/./cypress/e2e/api-profile.cy.js:10:11)",
                "diff": null
              },
              "uuid": "5ec18232-e436-4f81-b84c-d02287b82913",
              "parentUUID": "c64e951f-c163-4ab0-b1d4-0473f20fbcc6",
              "isHook": false,
              "skipped": false
            }
          ],
          "suites": [],
          "passes": [],
          "failures": [
            "5ec18232-e436-4f81-b84c-d02287b82913"
          ],
          "pending": [],
          "skipped": [],
          "duration": 3515,
          "root": false,
          "rootEmpty": false,
          "_timeout": 2000
        }
      ],
      "passes": [],
      "failures": [],
      "pending": [],
      "skipped": [],
      "duration": 0,
      "root": true,
      "rootEmpty": true,
      "_timeout": 2000
    }
  ],
  "meta": {
    "mocha": {
      "version": "7.0.1"
    },
    "mochawesome": {
      "options": {
        "quiet": false,
        "reportFilename": "mochawesome",
        "saveHtml": true,
        "saveJson": true,
        "consoleReporter": "spec",
        "useInlineDiffs": false,
        "code": true
      },
      "version": "7.1.4"
    },
    "marge": {
      "options": {
        "reportDir": "cypress/results",
        "overwrite": false,
        "html": true,
        "json": true,
        "timestamp": "mmddyyyy_HHMMss"
      },
      "version": "6.3.2"
    }
  }
}